<?xml version="1.0" encoding="UTF-8"?>
<coverage generated="1629709121787" clover="3.2.0">
  <project timestamp="1629709121787" name="All files">
    <metrics statements="2" coveredstatements="2" conditionals="0" coveredconditionals="0" methods="3" coveredmethods="3" elements="5" coveredelements="5" complexity="0" loc="2" ncloc="2" packages="1" files="2" classes="2"/>
    <file name="sum.js" path="/Users/zhuxiaodong/workspace/jest-demo/src/js/sum.js">
      <metrics statements="1" coveredstatements="1" conditionals="0" coveredconditionals="0" methods="1" coveredmethods="1"/>
      <line num="2" count="1" type="stmt"/>
    </file>
    <file name="user.js" path="/Users/zhuxiaodong/workspace/jest-demo/src/js/user.js">
      <metrics statements="1" coveredstatements="1" conditionals="0" coveredconditionals="0" methods="2" coveredmethods="2"/>
      <line num="5" count="1" type="stmt"/>
    </file>
  </project>
</coverage>
