{"/Users/zhuxiaodong/workspace/jest-demo/src/js/sum.js": {"path":"/Users/zhuxiaodong/workspace/jest-demo/src/js/sum.js","statementMap":{"0":{"start":{"line":2,"column":1},"end":{"line":2,"column":13}}},"fnMap":{"0":{"name":"sum","decl":{"start":{"line":1,"column":9},"end":{"line":1,"column":12}},"loc":{"start":{"line":1,"column":18},"end":{"line":3,"column":1}},"line":1}},"branchMap":{},"s":{"0":1},"f":{"0":1},"b":{},"_coverageSchema":"1a1c01bbd47fc00a2c39e90264f33305004495a9","hash":"1cb5c775890c17f316dc0cea6bea3ae72c930e19"}
,"/Users/zhuxiaodong/workspace/jest-demo/src/js/user.js": {"path":"/Users/zhuxiaodong/workspace/jest-demo/src/js/user.js","statementMap":{"0":{"start":{"line":5,"column":4},"end":{"line":5,"column":62}},"1":{"start":{"line":5,"column":51},"end":{"line":5,"column":60}}},"fnMap":{"0":{"name":"(anonymous_0)","decl":{"start":{"line":4,"column":2},"end":{"line":4,"column":3}},"loc":{"start":{"line":4,"column":15},"end":{"line":6,"column":3}},"line":4},"1":{"name":"(anonymous_1)","decl":{"start":{"line":5,"column":41},"end":{"line":5,"column":42}},"loc":{"start":{"line":5,"column":51},"end":{"line":5,"column":60}},"line":5}},"branchMap":{},"s":{"0":1,"1":1},"f":{"0":1,"1":1},"b":{},"_coverageSchema":"1a1c01bbd47fc00a2c39e90264f33305004495a9","hash":"c4a65732cdcbc5bc34753708b06506ce0140fd81"}
}
